[debug] [2025-07-01T11:00:41.225Z] ----------------------------------------------------------------------
[debug] [2025-07-01T11:00:41.228Z] Command:       C:\Program Files\nodejs\node.exe C:\Users\nbi29\AppData\Roaming\npm\node_modules\firebase-tools\lib\bin\firebase.js init
[debug] [2025-07-01T11:00:41.228Z] CLI Version:   14.9.0
[debug] [2025-07-01T11:00:41.228Z] Platform:      win32
[debug] [2025-07-01T11:00:41.228Z] Node Version:  v22.16.0
[debug] [2025-07-01T11:00:41.228Z] Time:          Tue Jul 01 2025 18:00:41 GMT+0700 (Indochina Time)
[debug] [2025-07-01T11:00:41.229Z] ----------------------------------------------------------------------
[debug] 
[debug] [2025-07-01T11:00:41.235Z] > command requires scopes: ["email","openid","https://www.googleapis.com/auth/cloudplatformprojects.readonly","https://www.googleapis.com/auth/firebase","https://www.googleapis.com/auth/cloud-platform"]
[debug] [2025-07-01T11:00:41.235Z] > authorizing via signed-in user (hr.ivscorp@gmail.com)
[info] 
     ######## #### ########  ######## ########     ###     ######  ########
     ##        ##  ##     ## ##       ##     ##  ##   ##  ##       ##
     ######    ##  ########  ######   ########  #########  ######  ######
     ##        ##  ##    ##  ##       ##     ## ##     ##       ## ##
     ##       #### ##     ## ######## ########  ##     ##  ######  ########

You're about to initialize a Firebase project in this directory:

  E:\IVS\Website\Home Remoldeling

[info] 
=== Project Setup
[info] 
[info] First, let's associate this project directory with a Firebase project.
[info] You can create multiple project aliases by running firebase use --add, 
[info] but for now we'll just set up a default project.
[info] 
[debug] [2025-07-01T11:02:28.089Z] Checked if tokens are valid: true, expires at: 1751371227129
[debug] [2025-07-01T11:02:28.089Z] Checked if tokens are valid: true, expires at: 1751371227129
[debug] [2025-07-01T11:02:28.090Z] >>> [apiv2][query] GET https://firebase.googleapis.com/v1beta1/projects pageSize=100
[debug] [2025-07-01T11:02:29.693Z] <<< [apiv2][status] GET https://firebase.googleapis.com/v1beta1/projects 200
[debug] [2025-07-01T11:02:29.693Z] <<< [apiv2][body] GET https://firebase.googleapis.com/v1beta1/projects [omitted]
[info] i  Using project ivsjsc-6362f (ivsjsc) 
[info] 
=== Hosting Setup
[debug] [2025-07-01T11:02:29.709Z] Checked if tokens are valid: true, expires at: 1751371227129
[debug] [2025-07-01T11:02:29.709Z] Checked if tokens are valid: true, expires at: 1751371227129
[debug] [2025-07-01T11:02:29.709Z] >>> [apiv2][query] GET https://firebase.googleapis.com/v1beta1/projects/ivsjsc-6362f [none]
[debug] [2025-07-01T11:02:30.392Z] <<< [apiv2][status] GET https://firebase.googleapis.com/v1beta1/projects/ivsjsc-6362f 200
[debug] [2025-07-01T11:02:30.392Z] <<< [apiv2][body] GET https://firebase.googleapis.com/v1beta1/projects/ivsjsc-6362f {"projectId":"ivsjsc-6362f","projectNumber":"910278613224","displayName":"ivsjsc","name":"projects/ivsjsc-6362f","resources":{"hostingSite":"ivsjsc-6362f","realtimeDatabaseInstance":"ivsjsc-6362f-default-rtdb"},"state":"ACTIVE","etag":"1_c869dcf7-aa43-45fa-b233-cca421b8ff56"}
[info] 
[info] Your public directory is the folder (relative to your project directory) that
[info] will contain Hosting assets to be uploaded with firebase deploy. If you
[info] have a build process for your assets, use your build's output directory.
[info] 
[debug] [2025-07-01T11:02:43.063Z] ExitPromptError: User force closed the prompt with SIGINT
    at Interface.sigint (C:\Users\nbi29\AppData\Roaming\npm\node_modules\firebase-tools\node_modules\@inquirer\core\dist\commonjs\lib\create-prompt.js:101:37)
    at Interface.emit (node:events:518:28)
    at Interface.emit (node:domain:489:12)
    at [_ttyWrite] [as _ttyWrite] (node:internal/readline/interface:1128:18)
    at ReadStream.onkeypress (node:internal/readline/interface:267:20)
    at ReadStream.emit (node:events:530:35)
    at ReadStream.emit (node:domain:489:12)
    at emitKeys (node:internal/readline/utils:370:14)
    at emitKeys.next (<anonymous>)
    at ReadStream.onData (node:internal/readline/emitKeypressEvents:64:36)
[error] 
[error] Error: An unexpected error has occurred.
